\BOOKMARK [1][-]{section.1}{\376\377\000I\000n\000t\000r\000o\000d\000u\000c\000t\000i\000o\000n}{}% 1
\BOOKMARK [1][-]{section.2}{\376\377\000L\000i\000t\000e\000r\000a\000t\000u\000r\000e\000\040\000R\000e\000v\000i\000e\000w}{}% 2
\BOOKMARK [1][-]{section.3}{\376\377\000D\000a\000t\000a\000\040\000C\000o\000l\000l\000e\000c\000t\000i\000o\000n}{}% 3
\BOOKMARK [2][-]{subsection.3.1}{\376\377\000D\000a\000t\000a\000\040\000S\000o\000u\000r\000c\000e}{section.3}% 4
\BOOKMARK [2][-]{subsection.3.2}{\376\377\000P\000o\000l\000i\000t\000i\000c\000a\000l\000\040\000A\000f\000f\000i\000l\000i\000a\000t\000i\000o\000n\000\040\000M\000a\000p\000p\000i\000n\000g}{section.3}% 5
\BOOKMARK [2][-]{subsection.3.3}{\376\377\000D\000a\000t\000a\000\040\000P\000r\000o\000c\000e\000s\000s\000i\000n\000g\000\040\000P\000i\000p\000e\000l\000i\000n\000e}{section.3}% 6
\BOOKMARK [3][-]{section*.1}{\376\377\000S\000t\000a\000g\000e\000\040\0001\000:\000\040\000P\000a\000r\000t\000y\000\040\000L\000a\000b\000e\000l\000i\000n\000g}{subsection.3.3}% 7
\BOOKMARK [3][-]{section*.1}{\376\377\000S\000t\000a\000g\000e\000\040\0002\000:\000\040\000P\000o\000l\000a\000r\000i\000t\000y\000\040\000C\000a\000l\000c\000u\000l\000a\000t\000i\000o\000n}{subsection.3.3}% 8
\BOOKMARK [2][-]{subsection.3.4}{\376\377\000D\000a\000t\000a\000s\000e\000t\000\040\000S\000t\000a\000t\000i\000s\000t\000i\000c\000s}{section.3}% 9
\BOOKMARK [2][-]{subsection.3.5}{\376\377\000D\000a\000t\000a\000\040\000S\000t\000r\000u\000c\000t\000u\000r\000e}{section.3}% 10
\BOOKMARK [2][-]{subsection.3.6}{\376\377\000E\000n\000g\000l\000i\000s\000h\000\040\000L\000a\000n\000g\000u\000a\000g\000e\000\040\000F\000i\000l\000t\000e\000r\000i\000n\000g}{section.3}% 11
\BOOKMARK [1][-]{section.4}{\376\377\000M\000e\000t\000h\000o\000d\000o\000l\000o\000g\000y}{}% 12
\BOOKMARK [2][-]{subsection.4.1}{\376\377\000I\000n\000f\000l\000u\000e\000n\000c\000e\000r\000\040\000P\000o\000l\000a\000r\000i\000t\000y\000\040\000C\000a\000l\000c\000u\000l\000a\000t\000i\000o\000n}{section.4}% 13
\BOOKMARK [2][-]{subsection.4.2}{\376\377\000K\000e\000y\000w\000o\000r\000d\000\040\000E\000x\000t\000r\000a\000c\000t\000i\000o\000n\000\040\000a\000n\000d\000\040\000S\000e\000l\000e\000c\000t\000i\000o\000n}{section.4}% 14
\BOOKMARK [2][-]{subsection.4.3}{\376\377\000S\000t\000a\000n\000c\000e\000\040\000C\000l\000a\000s\000s\000i\000f\000i\000c\000a\000t\000i\000o\000n}{section.4}% 15
\BOOKMARK [3][-]{section*.2}{\376\377\000M\000a\000n\000u\000a\000l\000\040\000A\000n\000n\000o\000t\000a\000t\000i\000o\000n}{subsection.4.3}% 16
\BOOKMARK [3][-]{section*.2}{\376\377\000L\000o\000R\000A\000\040\000F\000i\000n\000e\000-\000t\000u\000n\000i\000n\000g}{subsection.4.3}% 17
\BOOKMARK [3][-]{equation.4.3}{\376\377\000E\000v\000a\000l\000u\000a\000t\000i\000o\000n\000\040\000R\000e\000s\000u\000l\000t\000s}{subsection.4.3}% 18
\BOOKMARK [3][-]{table.7}{\376\377\000F\000i\000n\000a\000l\000\040\000I\000n\000f\000e\000r\000e\000n\000c\000e\000\040\000P\000i\000p\000e\000l\000i\000n\000e}{subsection.4.3}% 19
\BOOKMARK [2][-]{subsection.4.4}{\376\377\000H\000i\000n\000d\000i\000\040\000T\000w\000e\000e\000t\000\040\000A\000n\000a\000l\000y\000s\000i\000s}{section.4}% 20
\BOOKMARK [3][-]{figure.caption.3}{\376\377\000C\000o\000n\000n\000e\000c\000t\000i\000o\000n\000\040\000t\000o\000\040\000t\000h\000e\000\040\000E\000n\000l\000i\000g\000h\000\040\000p\000i\000p\000e\000l\000i\000n\000e}{subsection.4.4}% 21
\BOOKMARK [3][-]{figure.caption.3}{\376\377\000M\000u\000l\000t\000i\000l\000i\000n\000g\000u\000a\000l\000\040\000M\000o\000d\000e\000l\000\040\000S\000u\000p\000p\000o\000r\000t}{subsection.4.4}% 22
\BOOKMARK [3][-]{figure.caption.3}{\376\377\000F\000a\000l\000l\000b\000a\000c\000k\000\040\000M\000e\000c\000h\000a\000n\000i\000s\000m}{subsection.4.4}% 23
\BOOKMARK [1][-]{section.5}{\376\377\000R\000e\000s\000u\000l\000t\000s}{}% 24
\BOOKMARK [2][-]{subsection.5.1}{\376\377\000P\000a\000r\000t\000i\000s\000a\000n\000\040\000N\000e\000t\000w\000o\000r\000k\000\040\000S\000t\000r\000u\000c\000t\000u\000r\000e}{section.5}% 25
\BOOKMARK [2][-]{subsection.5.2}{\376\377\000C\000o\000n\000t\000e\000n\000t\000\040\000C\000h\000a\000r\000a\000c\000t\000e\000r\000i\000s\000t\000i\000c\000s}{section.5}% 26
\BOOKMARK [2][-]{subsection.5.3}{\376\377\000I\000n\000t\000e\000r\000a\000c\000t\000i\000o\000n\000\040\000P\000a\000t\000t\000e\000r\000n\000s}{section.5}% 27
\BOOKMARK [2][-]{subsection.5.4}{\376\377\000T\000e\000m\000p\000o\000r\000a\000l\000\040\000D\000y\000n\000a\000m\000i\000c\000s}{section.5}% 28
\BOOKMARK [1][-]{section.6}{\376\377\000D\000i\000s\000c\000u\000s\000s\000i\000o\000n}{}% 29
\BOOKMARK [1][-]{section.7}{\376\377\000C\000o\000n\000c\000l\000u\000s\000i\000o\000n}{}% 30
\BOOKMARK [1][-]{section.8}{\376\377\000C\000o\000n\000c\000l\000u\000s\000i\000o\000n}{}% 31
